\BOOKMARK [0][-]{chapter.1}{\376\377\0001\000\040\000A\000d\000a\000t\000s\000z\000e\000r\000k\000e\000z\000e\000t\000-\000m\000u\000t\000a\000t\000\363}{}% 1
\BOOKMARK [1][-]{section.1.1}{\376\377\0001\000.\0001\000\040\000A\000d\000a\000t\000s\000z\000e\000r\000k\000e\000z\000e\000t\000e\000k}{chapter.1}% 2
\BOOKMARK [0][-]{chapter.2}{\376\377\0002\000\040\000F\000\341\000j\000l\000m\000u\000t\000a\000t\000\363}{}% 3
\BOOKMARK [1][-]{section.2.1}{\376\377\0002\000.\0001\000\040\000F\000\341\000j\000l\000l\000i\000s\000t\000a}{chapter.2}% 4
\BOOKMARK [0][-]{chapter.3}{\376\377\0003\000\040\000A\000d\000a\000t\000s\000z\000e\000r\000k\000e\000z\000e\000t\000e\000k\000\040\000d\000o\000k\000u\000m\000e\000n\000t\000\341\000c\000i\000\363\000j\000a}{}% 5
\BOOKMARK [1][-]{section.3.1}{\376\377\0003\000.\0001\000\040\000D\000e\000b\000u\000g\000m\000a\000l\000l\000o\000c\000D\000a\000t\000a\000\040\000s\000t\000r\000u\000k\000t\000\372\000r\000a\000r\000e\000f\000e\000r\000e\000n\000c\000i\000a}{chapter.3}% 6
\BOOKMARK [2][-]{subsection.3.1.1}{\376\377\0003\000.\0001\000.\0001\000\040\000A\000d\000a\000t\000m\000e\000z\001\121\000k\000\040\000d\000o\000k\000u\000m\000e\000n\000t\000\341\000c\000i\000\363\000j\000a}{section.3.1}% 7
\BOOKMARK [3][-]{subsubsection.3.1.1.1}{\376\377\0003\000.\0001\000.\0001\000.\0001\000\040\000a\000l\000l\000\137\000a\000l\000l\000o\000c\000\137\000b\000y\000t\000e\000s}{subsection.3.1.1}% 8
\BOOKMARK [3][-]{subsubsection.3.1.1.2}{\376\377\0003\000.\0001\000.\0001\000.\0002\000\040\000a\000l\000l\000\137\000a\000l\000l\000o\000c\000\137\000c\000o\000u\000n\000t}{subsection.3.1.1}% 9
\BOOKMARK [3][-]{subsubsection.3.1.1.3}{\376\377\0003\000.\0001\000.\0001\000.\0003\000\040\000a\000l\000l\000o\000c\000\137\000b\000y\000t\000e\000s}{subsection.3.1.1}% 10
\BOOKMARK [3][-]{subsubsection.3.1.1.4}{\376\377\0003\000.\0001\000.\0001\000.\0004\000\040\000a\000l\000l\000o\000c\000\137\000c\000o\000u\000n\000t}{subsection.3.1.1}% 11
\BOOKMARK [3][-]{subsubsection.3.1.1.5}{\376\377\0003\000.\0001\000.\0001\000.\0005\000\040\000h\000e\000a\000d}{subsection.3.1.1}% 12
\BOOKMARK [3][-]{subsubsection.3.1.1.6}{\376\377\0003\000.\0001\000.\0001\000.\0006\000\040\000l\000o\000g\000f\000i\000l\000e}{subsection.3.1.1}% 13
\BOOKMARK [3][-]{subsubsection.3.1.1.7}{\376\377\0003\000.\0001\000.\0001\000.\0007\000\040\000m\000a\000x\000\137\000b\000l\000o\000c\000k\000\137\000s\000i\000z\000e}{subsection.3.1.1}% 14
\BOOKMARK [3][-]{subsubsection.3.1.1.8}{\376\377\0003\000.\0001\000.\0001\000.\0008\000\040\000t\000a\000i\000l}{subsection.3.1.1}% 15
\BOOKMARK [1][-]{section.3.2}{\376\377\0003\000.\0002\000\040\000D\000e\000b\000u\000g\000m\000a\000l\000l\000o\000c\000E\000n\000t\000r\000y\000\040\000s\000t\000r\000u\000k\000t\000\372\000r\000a\000r\000e\000f\000e\000r\000e\000n\000c\000i\000a}{chapter.3}% 16
\BOOKMARK [2][-]{subsection.3.2.1}{\376\377\0003\000.\0002\000.\0001\000\040\000A\000d\000a\000t\000m\000e\000z\001\121\000k\000\040\000d\000o\000k\000u\000m\000e\000n\000t\000\341\000c\000i\000\363\000j\000a}{section.3.2}% 17
\BOOKMARK [3][-]{subsubsection.3.2.1.1}{\376\377\0003\000.\0002\000.\0001\000.\0001\000\040\000e\000x\000p\000r}{subsection.3.2.1}% 18
\BOOKMARK [3][-]{subsubsection.3.2.1.2}{\376\377\0003\000.\0002\000.\0001\000.\0002\000\040\000f\000i\000l\000e}{subsection.3.2.1}% 19
\BOOKMARK [3][-]{subsubsection.3.2.1.3}{\376\377\0003\000.\0002\000.\0001\000.\0003\000\040\000f\000u\000n\000c}{subsection.3.2.1}% 20
\BOOKMARK [3][-]{subsubsection.3.2.1.4}{\376\377\0003\000.\0002\000.\0001\000.\0004\000\040\000l\000i\000n\000e}{subsection.3.2.1}% 21
\BOOKMARK [3][-]{subsubsection.3.2.1.5}{\376\377\0003\000.\0002\000.\0001\000.\0005\000\040\000n\000e\000x\000t}{subsection.3.2.1}% 22
\BOOKMARK [3][-]{subsubsection.3.2.1.6}{\376\377\0003\000.\0002\000.\0001\000.\0006\000\040\000p\000r\000e\000v}{subsection.3.2.1}% 23
\BOOKMARK [3][-]{subsubsection.3.2.1.7}{\376\377\0003\000.\0002\000.\0001\000.\0007\000\040\000r\000e\000a\000l\000\137\000m\000e\000m}{subsection.3.2.1}% 24
\BOOKMARK [3][-]{subsubsection.3.2.1.8}{\376\377\0003\000.\0002\000.\0001\000.\0008\000\040\000s\000i\000z\000e}{subsection.3.2.1}% 25
\BOOKMARK [3][-]{subsubsection.3.2.1.9}{\376\377\0003\000.\0002\000.\0001\000.\0009\000\040\000u\000s\000e\000r\000\137\000m\000e\000m}{subsection.3.2.1}% 26
\BOOKMARK [1][-]{section.3.3}{\376\377\0003\000.\0003\000\040\000L\000i\000s\000t\000\040\000s\000t\000r\000u\000k\000t\000\372\000r\000a\000r\000e\000f\000e\000r\000e\000n\000c\000i\000a}{chapter.3}% 27
\BOOKMARK [2][-]{subsection.3.3.1}{\376\377\0003\000.\0003\000.\0001\000\040\000R\000\351\000s\000z\000l\000e\000t\000e\000s\000\040\000l\000e\000\355\000r\000\341\000s}{section.3.3}% 28
\BOOKMARK [2][-]{subsection.3.3.2}{\376\377\0003\000.\0003\000.\0002\000\040\000A\000d\000a\000t\000m\000e\000z\001\121\000k\000\040\000d\000o\000k\000u\000m\000e\000n\000t\000\341\000c\000i\000\363\000j\000a}{section.3.3}% 29
\BOOKMARK [3][-]{subsubsection.3.3.2.1}{\376\377\0003\000.\0003\000.\0002\000.\0001\000\040\000l\000e\000n}{subsection.3.3.2}% 30
\BOOKMARK [3][-]{subsubsection.3.3.2.2}{\376\377\0003\000.\0003\000.\0002\000.\0002\000\040\000s\000t\000a\000r\000t\000N\000o\000d\000e}{subsection.3.3.2}% 31
\BOOKMARK [1][-]{section.3.4}{\376\377\0003\000.\0004\000\040\000M\000e\000n\000u\000I\000t\000e\000m\000\040\000s\000t\000r\000u\000k\000t\000\372\000r\000a\000r\000e\000f\000e\000r\000e\000n\000c\000i\000a}{chapter.3}% 32
\BOOKMARK [2][-]{subsection.3.4.1}{\376\377\0003\000.\0004\000.\0001\000\040\000R\000\351\000s\000z\000l\000e\000t\000e\000s\000\040\000l\000e\000\355\000r\000\341\000s}{section.3.4}% 33
\BOOKMARK [2][-]{subsection.3.4.2}{\376\377\0003\000.\0004\000.\0002\000\040\000A\000d\000a\000t\000m\000e\000z\001\121\000k\000\040\000d\000o\000k\000u\000m\000e\000n\000t\000\341\000c\000i\000\363\000j\000a}{section.3.4}% 34
\BOOKMARK [3][-]{subsubsection.3.4.2.1}{\376\377\0003\000.\0004\000.\0002\000.\0001\000\040\000t\000e\000x\000t}{subsection.3.4.2}% 35
\BOOKMARK [3][-]{subsubsection.3.4.2.2}{\376\377\0003\000.\0004\000.\0002\000.\0002\000\040\000x}{subsection.3.4.2}% 36
\BOOKMARK [3][-]{subsubsection.3.4.2.3}{\376\377\0003\000.\0004\000.\0002\000.\0003\000\040\000y}{subsection.3.4.2}% 37
\BOOKMARK [1][-]{section.3.5}{\376\377\0003\000.\0005\000\040\000N\000o\000d\000e\000\040\000s\000t\000r\000u\000k\000t\000\372\000r\000a\000r\000e\000f\000e\000r\000e\000n\000c\000i\000a}{chapter.3}% 38
\BOOKMARK [2][-]{subsection.3.5.1}{\376\377\0003\000.\0005\000.\0001\000\040\000R\000\351\000s\000z\000l\000e\000t\000e\000s\000\040\000l\000e\000\355\000r\000\341\000s}{section.3.5}% 39
\BOOKMARK [2][-]{subsection.3.5.2}{\376\377\0003\000.\0005\000.\0002\000\040\000A\000d\000a\000t\000m\000e\000z\001\121\000k\000\040\000d\000o\000k\000u\000m\000e\000n\000t\000\341\000c\000i\000\363\000j\000a}{section.3.5}% 40
\BOOKMARK [3][-]{subsubsection.3.5.2.1}{\376\377\0003\000.\0005\000.\0002\000.\0001\000\040\000n\000e\000x\000t\000N\000o\000d\000e}{subsection.3.5.2}% 41
\BOOKMARK [3][-]{subsubsection.3.5.2.2}{\376\377\0003\000.\0005\000.\0002\000.\0002\000\040\000v\000a\000l\000u\000e}{subsection.3.5.2}% 42
\BOOKMARK [1][-]{section.3.6}{\376\377\0003\000.\0006\000\040\000O\000b\000j\000e\000c\000t\000\040\000s\000t\000r\000u\000k\000t\000\372\000r\000a\000r\000e\000f\000e\000r\000e\000n\000c\000i\000a}{chapter.3}% 43
\BOOKMARK [2][-]{subsection.3.6.1}{\376\377\0003\000.\0006\000.\0001\000\040\000R\000\351\000s\000z\000l\000e\000t\000e\000s\000\040\000l\000e\000\355\000r\000\341\000s}{section.3.6}% 44
\BOOKMARK [2][-]{subsection.3.6.2}{\376\377\0003\000.\0006\000.\0002\000\040\000A\000d\000a\000t\000m\000e\000z\001\121\000k\000\040\000d\000o\000k\000u\000m\000e\000n\000t\000\341\000c\000i\000\363\000j\000a}{section.3.6}% 45
\BOOKMARK [3][-]{subsubsection.3.6.2.1}{\376\377\0003\000.\0006\000.\0002\000.\0001\000\040\000c\000o\000l\000l\000e\000c\000t\000i\000b\000l\000e}{subsection.3.6.2}% 46
\BOOKMARK [3][-]{subsubsection.3.6.2.2}{\376\377\0003\000.\0006\000.\0002\000.\0002\000\040\000i\000d}{subsection.3.6.2}% 47
\BOOKMARK [3][-]{subsubsection.3.6.2.3}{\376\377\0003\000.\0006\000.\0002\000.\0003\000\040\000l\000o\000o\000k\000A\000t\000T\000e\000x\000t}{subsection.3.6.2}% 48
\BOOKMARK [3][-]{subsubsection.3.6.2.4}{\376\377\0003\000.\0006\000.\0002\000.\0004\000\040\000m\000o\000d\000i\000f\000y}{subsection.3.6.2}% 49
\BOOKMARK [3][-]{subsubsection.3.6.2.5}{\376\377\0003\000.\0006\000.\0002\000.\0005\000\040\000m\000o\000d\000i\000f\000y\000E\000v\000e\000n\000t}{subsection.3.6.2}% 50
\BOOKMARK [3][-]{subsubsection.3.6.2.6}{\376\377\0003\000.\0006\000.\0002\000.\0006\000\040\000m\000o\000d\000i\000f\000y\000S\000t\000r\000i\000n\000g}{subsection.3.6.2}% 51
\BOOKMARK [3][-]{subsubsection.3.6.2.7}{\376\377\0003\000.\0006\000.\0002\000.\0007\000\040\000n\000a\000m\000e}{subsection.3.6.2}% 52
\BOOKMARK [3][-]{subsubsection.3.6.2.8}{\376\377\0003\000.\0006\000.\0002\000.\0008\000\040\000s\000t\000a\000t\000e}{subsection.3.6.2}% 53
\BOOKMARK [1][-]{section.3.7}{\376\377\0003\000.\0007\000\040\000R\000o\000o\000m\000\040\000s\000t\000r\000u\000k\000t\000\372\000r\000a\000r\000e\000f\000e\000r\000e\000n\000c\000i\000a}{chapter.3}% 54
\BOOKMARK [2][-]{subsection.3.7.1}{\376\377\0003\000.\0007\000.\0001\000\040\000R\000\351\000s\000z\000l\000e\000t\000e\000s\000\040\000l\000e\000\355\000r\000\341\000s}{section.3.7}% 55
\BOOKMARK [2][-]{subsection.3.7.2}{\376\377\0003\000.\0007\000.\0002\000\040\000A\000d\000a\000t\000m\000e\000z\001\121\000k\000\040\000d\000o\000k\000u\000m\000e\000n\000t\000\341\000c\000i\000\363\000j\000a}{section.3.7}% 56
\BOOKMARK [3][-]{subsubsection.3.7.2.1}{\376\377\0003\000.\0007\000.\0002\000.\0001\000\040\000c\000o\000n\000n\000e\000c\000t\000e\000d\000I\000t\000e\000m\000s}{subsection.3.7.2}% 57
\BOOKMARK [3][-]{subsubsection.3.7.2.2}{\376\377\0003\000.\0007\000.\0002\000.\0002\000\040\000c\000o\000n\000n\000e\000c\000t\000e\000d\000R\000o\000o\000m\000s}{subsection.3.7.2}% 58
\BOOKMARK [3][-]{subsubsection.3.7.2.3}{\376\377\0003\000.\0007\000.\0002\000.\0003\000\040\000e\000n\000t\000r\000y\000T\000e\000x\000t}{subsection.3.7.2}% 59
\BOOKMARK [3][-]{subsubsection.3.7.2.4}{\376\377\0003\000.\0007\000.\0002\000.\0004\000\040\000i\000d}{subsection.3.7.2}% 60
\BOOKMARK [3][-]{subsubsection.3.7.2.5}{\376\377\0003\000.\0007\000.\0002\000.\0005\000\040\000l\000o\000o\000k\000A\000r\000o\000u\000n\000d\000T\000e\000x\000t}{subsection.3.7.2}% 61
\BOOKMARK [3][-]{subsubsection.3.7.2.6}{\376\377\0003\000.\0007\000.\0002\000.\0006\000\040\000n\000a\000m\000e}{subsection.3.7.2}% 62
\BOOKMARK [3][-]{subsubsection.3.7.2.7}{\376\377\0003\000.\0007\000.\0002\000.\0007\000\040\000s\000t\000a\000t\000e}{subsection.3.7.2}% 63
\BOOKMARK [1][-]{section.3.8}{\376\377\0003\000.\0008\000\040\000S\000t\000a\000t\000e\000\040\000s\000t\000r\000u\000k\000t\000\372\000r\000a\000r\000e\000f\000e\000r\000e\000n\000c\000i\000a}{chapter.3}% 64
\BOOKMARK [2][-]{subsection.3.8.1}{\376\377\0003\000.\0008\000.\0001\000\040\000R\000\351\000s\000z\000l\000e\000t\000e\000s\000\040\000l\000e\000\355\000r\000\341\000s}{section.3.8}% 65
\BOOKMARK [2][-]{subsection.3.8.2}{\376\377\0003\000.\0008\000.\0002\000\040\000A\000d\000a\000t\000m\000e\000z\001\121\000k\000\040\000d\000o\000k\000u\000m\000e\000n\000t\000\341\000c\000i\000\363\000j\000a}{section.3.8}% 66
\BOOKMARK [3][-]{subsubsection.3.8.2.1}{\376\377\0003\000.\0008\000.\0002\000.\0001\000\040\000i\000d}{subsection.3.8.2}% 67
\BOOKMARK [3][-]{subsubsection.3.8.2.2}{\376\377\0003\000.\0008\000.\0002\000.\0002\000\040\000r\000o\000o\000m}{subsection.3.8.2}% 68
\BOOKMARK [3][-]{subsubsection.3.8.2.3}{\376\377\0003\000.\0008\000.\0002\000.\0003\000\040\000s\000t\000a\000t\000e}{subsection.3.8.2}% 69
\BOOKMARK [1][-]{section.3.9}{\376\377\0003\000.\0009\000\040\000S\000t\000r\000i\000n\000g\000L\000i\000s\000t\000\040\000s\000t\000r\000u\000k\000t\000\372\000r\000a\000r\000e\000f\000e\000r\000e\000n\000c\000i\000a}{chapter.3}% 70
\BOOKMARK [2][-]{subsection.3.9.1}{\376\377\0003\000.\0009\000.\0001\000\040\000R\000\351\000s\000z\000l\000e\000t\000e\000s\000\040\000l\000e\000\355\000r\000\341\000s}{section.3.9}% 71
\BOOKMARK [2][-]{subsection.3.9.2}{\376\377\0003\000.\0009\000.\0002\000\040\000A\000d\000a\000t\000m\000e\000z\001\121\000k\000\040\000d\000o\000k\000u\000m\000e\000n\000t\000\341\000c\000i\000\363\000j\000a}{section.3.9}% 72
\BOOKMARK [3][-]{subsubsection.3.9.2.1}{\376\377\0003\000.\0009\000.\0002\000.\0001\000\040\000l\000e\000n}{subsection.3.9.2}% 73
\BOOKMARK [3][-]{subsubsection.3.9.2.2}{\376\377\0003\000.\0009\000.\0002\000.\0002\000\040\000s\000t\000a\000r\000t\000N\000o\000d\000e}{subsection.3.9.2}% 74
\BOOKMARK [1][-]{section.3.10}{\376\377\0003\000.\0001\0000\000\040\000S\000t\000r\000i\000n\000g\000N\000o\000d\000e\000\040\000s\000t\000r\000u\000k\000t\000\372\000r\000a\000r\000e\000f\000e\000r\000e\000n\000c\000i\000a}{chapter.3}% 75
\BOOKMARK [2][-]{subsection.3.10.1}{\376\377\0003\000.\0001\0000\000.\0001\000\040\000R\000\351\000s\000z\000l\000e\000t\000e\000s\000\040\000l\000e\000\355\000r\000\341\000s}{section.3.10}% 76
\BOOKMARK [2][-]{subsection.3.10.2}{\376\377\0003\000.\0001\0000\000.\0002\000\040\000A\000d\000a\000t\000m\000e\000z\001\121\000k\000\040\000d\000o\000k\000u\000m\000e\000n\000t\000\341\000c\000i\000\363\000j\000a}{section.3.10}% 77
\BOOKMARK [3][-]{subsubsection.3.10.2.1}{\376\377\0003\000.\0001\0000\000.\0002\000.\0001\000\040\000n\000e\000x\000t\000N\000o\000d\000e}{subsection.3.10.2}% 78
\BOOKMARK [3][-]{subsubsection.3.10.2.2}{\376\377\0003\000.\0001\0000\000.\0002\000.\0002\000\040\000v\000a\000l\000u\000e}{subsection.3.10.2}% 79
\BOOKMARK [0][-]{chapter.4}{\376\377\0004\000\040\000F\000\341\000j\000l\000o\000k\000\040\000d\000o\000k\000u\000m\000e\000n\000t\000\341\000c\000i\000\363\000j\000a}{}% 80
\BOOKMARK [1][-]{section.4.1}{\376\377\0004\000.\0001\000\040\000d\000e\000b\000u\000g\000m\000a\000l\000l\000o\000c\000.\000h\000\040\000f\000\341\000j\000l\000r\000e\000f\000e\000r\000e\000n\000c\000i\000a}{chapter.4}% 81
\BOOKMARK [2][-]{subsection.4.1.1}{\376\377\0004\000.\0001\000.\0001\000\040\000M\000a\000k\000r\000\363\000d\000e\000f\000i\000n\000\355\000c\000i\000\363\000k\000\040\000d\000o\000k\000u\000m\000e\000n\000t\000\341\000c\000i\000\363\000j\000a}{section.4.1}% 82
\BOOKMARK [3][-]{subsubsection.4.1.1.1}{\376\377\0004\000.\0001\000.\0001\000.\0001\000\040\000c\000a\000l\000l\000o\000c}{subsection.4.1.1}% 83
\BOOKMARK [3][-]{subsubsection.4.1.1.2}{\376\377\0004\000.\0001\000.\0001\000.\0002\000\040\000f\000r\000e\000e}{subsection.4.1.1}% 84
\BOOKMARK [3][-]{subsubsection.4.1.1.3}{\376\377\0004\000.\0001\000.\0001\000.\0003\000\040\000m\000a\000l\000l\000o\000c}{subsection.4.1.1}% 85
\BOOKMARK [3][-]{subsubsection.4.1.1.4}{\376\377\0004\000.\0001\000.\0001\000.\0004\000\040\000r\000e\000a\000l\000l\000o\000c}{subsection.4.1.1}% 86
\BOOKMARK [2][-]{subsection.4.1.2}{\376\377\0004\000.\0001\000.\0002\000\040\000T\000\355\000p\000u\000s\000d\000e\000f\000i\000n\000\355\000c\000i\000\363\000k\000\040\000d\000o\000k\000u\000m\000e\000n\000t\000\341\000c\000i\000\363\000j\000a}{section.4.1}% 87
\BOOKMARK [3][-]{subsubsection.4.1.2.1}{\376\377\0004\000.\0001\000.\0002\000.\0001\000\040\000D\000e\000b\000u\000g\000m\000a\000l\000l\000o\000c\000D\000a\000t\000a}{subsection.4.1.2}% 88
\BOOKMARK [3][-]{subsubsection.4.1.2.2}{\376\377\0004\000.\0001\000.\0002\000.\0002\000\040\000D\000e\000b\000u\000g\000m\000a\000l\000l\000o\000c\000E\000n\000t\000r\000y}{subsection.4.1.2}% 89
\BOOKMARK [2][-]{subsection.4.1.3}{\376\377\0004\000.\0001\000.\0003\000\040\000E\000n\000u\000m\000e\000r\000\341\000c\000i\000\363\000k\000\040\000d\000o\000k\000u\000m\000e\000n\000t\000\341\000c\000i\000\363\000j\000a}{section.4.1}% 90
\BOOKMARK [3][-]{subsubsection.4.1.3.1}{\376\377\0004\000.\0001\000.\0003\000.\0001\000\040\000a\000n\000o\000n\000y\000m\000o\000u\000s\000\040\000e\000n\000u\000m}{subsection.4.1.3}% 91
\BOOKMARK [1][-]{section.4.2}{\376\377\0004\000.\0002\000\040\000d\000e\000b\000u\000g\000m\000a\000l\000l\000o\000c\000.\000h}{chapter.4}% 92
\BOOKMARK [1][-]{section.4.3}{\376\377\0004\000.\0003\000\040\000e\000c\000o\000n\000i\000o\000.\000c\000\040\000f\000\341\000j\000l\000r\000e\000f\000e\000r\000e\000n\000c\000i\000a}{chapter.4}% 93
\BOOKMARK [2][-]{subsection.4.3.1}{\376\377\0004\000.\0003\000.\0001\000\040\000F\000\374\000g\000g\000v\000\351\000n\000y\000e\000k\000\040\000d\000o\000k\000u\000m\000e\000n\000t\000\341\000c\000i\000\363\000j\000a}{section.4.3}% 94
\BOOKMARK [3][-]{subsubsection.4.3.1.1}{\376\377\0004\000.\0003\000.\0001\000.\0001\000\040\000e\000c\000o\000n\000i\000o\000\137\000c\000l\000r\000s\000c\000r\000\050\000\051}{subsection.4.3.1}% 95
\BOOKMARK [3][-]{subsubsection.4.3.1.2}{\376\377\0004\000.\0003\000.\0001\000.\0002\000\040\000e\000c\000o\000n\000i\000o\000\137\000f\000l\000u\000s\000h\000\050\000\051}{subsection.4.3.1}% 96
\BOOKMARK [3][-]{subsubsection.4.3.1.3}{\376\377\0004\000.\0003\000.\0001\000.\0003\000\040\000e\000c\000o\000n\000i\000o\000\137\000g\000e\000t\000c\000h\000\050\000\051}{subsection.4.3.1}% 97
\BOOKMARK [3][-]{subsubsection.4.3.1.4}{\376\377\0004\000.\0003\000.\0001\000.\0004\000\040\000e\000c\000o\000n\000i\000o\000\137\000g\000o\000t\000o\000x\000y\000\050\000\051}{subsection.4.3.1}% 98
\BOOKMARK [3][-]{subsubsection.4.3.1.5}{\376\377\0004\000.\0003\000.\0001\000.\0005\000\040\000e\000c\000o\000n\000i\000o\000\137\000k\000b\000h\000i\000t\000\050\000\051}{subsection.4.3.1}% 99
\BOOKMARK [3][-]{subsubsection.4.3.1.6}{\376\377\0004\000.\0003\000.\0001\000.\0006\000\040\000e\000c\000o\000n\000i\000o\000\137\000n\000o\000r\000m\000a\000l\000m\000o\000d\000e\000\050\000\051}{subsection.4.3.1}% 100
\BOOKMARK [3][-]{subsubsection.4.3.1.7}{\376\377\0004\000.\0003\000.\0001\000.\0007\000\040\000e\000c\000o\000n\000i\000o\000\137\000r\000a\000w\000m\000o\000d\000e\000\050\000\051}{subsection.4.3.1}% 101
\BOOKMARK [3][-]{subsubsection.4.3.1.8}{\376\377\0004\000.\0003\000.\0001\000.\0008\000\040\000e\000c\000o\000n\000i\000o\000\137\000s\000e\000t\000\137\000t\000i\000t\000l\000e\000\050\000\051}{subsection.4.3.1}% 102
\BOOKMARK [3][-]{subsubsection.4.3.1.9}{\376\377\0004\000.\0003\000.\0001\000.\0009\000\040\000e\000c\000o\000n\000i\000o\000\137\000s\000l\000e\000e\000p\000\050\000\051}{subsection.4.3.1}% 103
\BOOKMARK [3][-]{subsubsection.4.3.1.10}{\376\377\0004\000.\0003\000.\0001\000.\0001\0000\000\040\000e\000c\000o\000n\000i\000o\000\137\000t\000e\000x\000t\000b\000a\000c\000k\000g\000r\000o\000u\000n\000d\000\050\000\051}{subsection.4.3.1}% 104
\BOOKMARK [3][-]{subsubsection.4.3.1.11}{\376\377\0004\000.\0003\000.\0001\000.\0001\0001\000\040\000e\000c\000o\000n\000i\000o\000\137\000t\000e\000x\000t\000c\000o\000l\000o\000r\000\050\000\051}{subsection.4.3.1}% 105
\BOOKMARK [1][-]{section.4.4}{\376\377\0004\000.\0004\000\040\000e\000c\000o\000n\000i\000o\000.\000h\000\040\000f\000\341\000j\000l\000r\000e\000f\000e\000r\000e\000n\000c\000i\000a}{chapter.4}% 106
\BOOKMARK [2][-]{subsection.4.4.1}{\376\377\0004\000.\0004\000.\0001\000\040\000T\000\355\000p\000u\000s\000d\000e\000f\000i\000n\000\355\000c\000i\000\363\000k\000\040\000d\000o\000k\000u\000m\000e\000n\000t\000\341\000c\000i\000\363\000j\000a}{section.4.4}% 107
\BOOKMARK [3][-]{subsubsection.4.4.1.1}{\376\377\0004\000.\0004\000.\0001\000.\0001\000\040\000E\000c\000o\000n\000i\000o\000C\000o\000l\000o\000r}{subsection.4.4.1}% 108
\BOOKMARK [3][-]{subsubsection.4.4.1.2}{\376\377\0004\000.\0004\000.\0001\000.\0002\000\040\000E\000c\000o\000n\000i\000o\000K\000e\000y}{subsection.4.4.1}% 109
\BOOKMARK [2][-]{subsection.4.4.2}{\376\377\0004\000.\0004\000.\0002\000\040\000E\000n\000u\000m\000e\000r\000\341\000c\000i\000\363\000k\000\040\000d\000o\000k\000u\000m\000e\000n\000t\000\341\000c\000i\000\363\000j\000a}{section.4.4}% 110
\BOOKMARK [3][-]{subsubsection.4.4.2.1}{\376\377\0004\000.\0004\000.\0002\000.\0001\000\040\000E\000c\000o\000n\000i\000o\000C\000o\000l\000o\000r}{subsection.4.4.2}% 111
\BOOKMARK [3][-]{subsubsection.4.4.2.2}{\376\377\0004\000.\0004\000.\0002\000.\0002\000\040\000E\000c\000o\000n\000i\000o\000K\000e\000y}{subsection.4.4.2}% 112
\BOOKMARK [2][-]{subsection.4.4.3}{\376\377\0004\000.\0004\000.\0003\000\040\000F\000\374\000g\000g\000v\000\351\000n\000y\000e\000k\000\040\000d\000o\000k\000u\000m\000e\000n\000t\000\341\000c\000i\000\363\000j\000a}{section.4.4}% 113
\BOOKMARK [3][-]{subsubsection.4.4.3.1}{\376\377\0004\000.\0004\000.\0003\000.\0001\000\040\000e\000c\000o\000n\000i\000o\000\137\000c\000l\000r\000s\000c\000r\000\050\000\051}{subsection.4.4.3}% 114
\BOOKMARK [3][-]{subsubsection.4.4.3.2}{\376\377\0004\000.\0004\000.\0003\000.\0002\000\040\000e\000c\000o\000n\000i\000o\000\137\000f\000l\000u\000s\000h\000\050\000\051}{subsection.4.4.3}% 115
\BOOKMARK [3][-]{subsubsection.4.4.3.3}{\376\377\0004\000.\0004\000.\0003\000.\0003\000\040\000e\000c\000o\000n\000i\000o\000\137\000g\000e\000t\000c\000h\000\050\000\051}{subsection.4.4.3}% 116
\BOOKMARK [3][-]{subsubsection.4.4.3.4}{\376\377\0004\000.\0004\000.\0003\000.\0004\000\040\000e\000c\000o\000n\000i\000o\000\137\000g\000o\000t\000o\000x\000y\000\050\000\051}{subsection.4.4.3}% 117
\BOOKMARK [3][-]{subsubsection.4.4.3.5}{\376\377\0004\000.\0004\000.\0003\000.\0005\000\040\000e\000c\000o\000n\000i\000o\000\137\000k\000b\000h\000i\000t\000\050\000\051}{subsection.4.4.3}% 118
\BOOKMARK [3][-]{subsubsection.4.4.3.6}{\376\377\0004\000.\0004\000.\0003\000.\0006\000\040\000e\000c\000o\000n\000i\000o\000\137\000n\000o\000r\000m\000a\000l\000m\000o\000d\000e\000\050\000\051}{subsection.4.4.3}% 119
\BOOKMARK [3][-]{subsubsection.4.4.3.7}{\376\377\0004\000.\0004\000.\0003\000.\0007\000\040\000e\000c\000o\000n\000i\000o\000\137\000r\000a\000w\000m\000o\000d\000e\000\050\000\051}{subsection.4.4.3}% 120
\BOOKMARK [3][-]{subsubsection.4.4.3.8}{\376\377\0004\000.\0004\000.\0003\000.\0008\000\040\000e\000c\000o\000n\000i\000o\000\137\000s\000e\000t\000\137\000t\000i\000t\000l\000e\000\050\000\051}{subsection.4.4.3}% 121
\BOOKMARK [3][-]{subsubsection.4.4.3.9}{\376\377\0004\000.\0004\000.\0003\000.\0009\000\040\000e\000c\000o\000n\000i\000o\000\137\000s\000l\000e\000e\000p\000\050\000\051}{subsection.4.4.3}% 122
\BOOKMARK [3][-]{subsubsection.4.4.3.10}{\376\377\0004\000.\0004\000.\0003\000.\0001\0000\000\040\000e\000c\000o\000n\000i\000o\000\137\000t\000e\000x\000t\000b\000a\000c\000k\000g\000r\000o\000u\000n\000d\000\050\000\051}{subsection.4.4.3}% 123
\BOOKMARK [3][-]{subsubsection.4.4.3.11}{\376\377\0004\000.\0004\000.\0003\000.\0001\0001\000\040\000e\000c\000o\000n\000i\000o\000\137\000t\000e\000x\000t\000c\000o\000l\000o\000r\000\050\000\051}{subsection.4.4.3}% 124
\BOOKMARK [1][-]{section.4.5}{\376\377\0004\000.\0005\000\040\000e\000c\000o\000n\000i\000o\000.\000h}{chapter.4}% 125
\BOOKMARK [1][-]{section.4.6}{\376\377\0004\000.\0006\000\040\000e\000s\000s\000e\000n\000t\000i\000a\000l\000s\000.\000c\000\040\000f\000\341\000j\000l\000r\000e\000f\000e\000r\000e\000n\000c\000i\000a}{chapter.4}% 126
\BOOKMARK [2][-]{subsection.4.6.1}{\376\377\0004\000.\0006\000.\0001\000\040\000R\000\351\000s\000z\000l\000e\000t\000e\000s\000\040\000l\000e\000\355\000r\000\341\000s}{section.4.6}% 127
\BOOKMARK [2][-]{subsection.4.6.2}{\376\377\0004\000.\0006\000.\0002\000\040\000F\000\374\000g\000g\000v\000\351\000n\000y\000e\000k\000\040\000d\000o\000k\000u\000m\000e\000n\000t\000\341\000c\000i\000\363\000j\000a}{section.4.6}% 128
\BOOKMARK [3][-]{subsubsection.4.6.2.1}{\376\377\0004\000.\0006\000.\0002\000.\0001\000\040\000A\000d\000d\000\050\000\051}{subsection.4.6.2}% 129
\BOOKMARK [3][-]{subsubsection.4.6.2.2}{\376\377\0004\000.\0006\000.\0002\000.\0002\000\040\000A\000d\000d\000S\000t\000r\000i\000n\000g\000\050\000\051}{subsection.4.6.2}% 130
\BOOKMARK [3][-]{subsubsection.4.6.2.3}{\376\377\0004\000.\0006\000.\0002\000.\0003\000\040\000A\000d\000d\000S\000t\000r\000i\000n\000g\000P\000o\000i\000n\000t\000e\000r\000\050\000\051}{subsection.4.6.2}% 131
\BOOKMARK [3][-]{subsubsection.4.6.2.4}{\376\377\0004\000.\0006\000.\0002\000.\0004\000\040\000A\000l\000l\000o\000c\000\050\000\051}{subsection.4.6.2}% 132
\BOOKMARK [3][-]{subsubsection.4.6.2.5}{\376\377\0004\000.\0006\000.\0002\000.\0005\000\040\000A\000l\000l\000o\000c\000S\000t\000d\000\050\000\051}{subsection.4.6.2}% 133
\BOOKMARK [3][-]{subsubsection.4.6.2.6}{\376\377\0004\000.\0006\000.\0002\000.\0006\000\040\000A\000t\000\050\000\051}{subsection.4.6.2}% 134
\BOOKMARK [3][-]{subsubsection.4.6.2.7}{\376\377\0004\000.\0006\000.\0002\000.\0007\000\040\000A\000t\000S\000t\000r\000i\000n\000g\000\050\000\051}{subsection.4.6.2}% 135
\BOOKMARK [3][-]{subsubsection.4.6.2.8}{\376\377\0004\000.\0006\000.\0002\000.\0008\000\040\000C\000o\000n\000t\000a\000i\000n\000s\000\050\000\051}{subsection.4.6.2}% 136
\BOOKMARK [3][-]{subsubsection.4.6.2.9}{\376\377\0004\000.\0006\000.\0002\000.\0009\000\040\000C\000o\000n\000t\000a\000i\000n\000s\000S\000t\000r\000i\000n\000g\000\050\000\051}{subsection.4.6.2}% 137
\BOOKMARK [3][-]{subsubsection.4.6.2.10}{\376\377\0004\000.\0006\000.\0002\000.\0001\0000\000\040\000C\000o\000n\000v\000e\000r\000t\000T\000o\000I\000n\000t\000\050\000\051}{subsection.4.6.2}% 138
\BOOKMARK [3][-]{subsubsection.4.6.2.11}{\376\377\0004\000.\0006\000.\0002\000.\0001\0001\000\040\000C\000p\000y\000S\000t\000r\000P\000t\000r\000\050\000\051}{subsection.4.6.2}% 139
\BOOKMARK [3][-]{subsubsection.4.6.2.12}{\376\377\0004\000.\0006\000.\0002\000.\0001\0002\000\040\000C\000r\000e\000a\000t\000e\000L\000i\000s\000t\000\050\000\051}{subsection.4.6.2}% 140
\BOOKMARK [3][-]{subsubsection.4.6.2.13}{\376\377\0004\000.\0006\000.\0002\000.\0001\0003\000\040\000C\000r\000e\000a\000t\000e\000S\000t\000r\000i\000n\000g\000L\000i\000s\000t\000\050\000\051}{subsection.4.6.2}% 141
\BOOKMARK [3][-]{subsubsection.4.6.2.14}{\376\377\0004\000.\0006\000.\0002\000.\0001\0004\000\040\000D\000e\000s\000t\000r\000o\000y\000L\000i\000s\000t\000\050\000\051}{subsection.4.6.2}% 142
\BOOKMARK [3][-]{subsubsection.4.6.2.15}{\376\377\0004\000.\0006\000.\0002\000.\0001\0005\000\040\000D\000e\000s\000t\000r\000o\000y\000S\000t\000r\000i\000n\000g\000L\000i\000s\000t\000\050\000\051}{subsection.4.6.2}% 143
\BOOKMARK [3][-]{subsubsection.4.6.2.16}{\376\377\0004\000.\0006\000.\0002\000.\0001\0006\000\040\000F\000i\000n\000d\000\050\000\051}{subsection.4.6.2}% 144
\BOOKMARK [3][-]{subsubsection.4.6.2.17}{\376\377\0004\000.\0006\000.\0002\000.\0001\0007\000\040\000F\000i\000n\000d\000S\000t\000r\000i\000n\000g\000\050\000\051}{subsection.4.6.2}% 145
\BOOKMARK [3][-]{subsubsection.4.6.2.18}{\376\377\0004\000.\0006\000.\0002\000.\0001\0008\000\040\000M\000e\000r\000g\000e\000\050\000\051}{subsection.4.6.2}% 146
\BOOKMARK [3][-]{subsubsection.4.6.2.19}{\376\377\0004\000.\0006\000.\0002\000.\0001\0009\000\040\000R\000e\000m\000o\000v\000e\000A\000t\000\050\000\051}{subsection.4.6.2}% 147
\BOOKMARK [3][-]{subsubsection.4.6.2.20}{\376\377\0004\000.\0006\000.\0002\000.\0002\0000\000\040\000R\000e\000m\000o\000v\000e\000A\000t\000I\000n\000t\000\050\000\051}{subsection.4.6.2}% 148
\BOOKMARK [3][-]{subsubsection.4.6.2.21}{\376\377\0004\000.\0006\000.\0002\000.\0002\0001\000\040\000R\000e\000m\000o\000v\000e\000F\000i\000r\000s\000t\000\050\000\051}{subsection.4.6.2}% 149
\BOOKMARK [3][-]{subsubsection.4.6.2.22}{\376\377\0004\000.\0006\000.\0002\000.\0002\0002\000\040\000R\000e\000m\000o\000v\000e\000F\000i\000r\000s\000t\000S\000t\000r\000i\000n\000g\000\050\000\051}{subsection.4.6.2}% 150
\BOOKMARK [3][-]{subsubsection.4.6.2.23}{\376\377\0004\000.\0006\000.\0002\000.\0002\0003\000\040\000S\000e\000t\000\050\000\051}{subsection.4.6.2}% 151
\BOOKMARK [3][-]{subsubsection.4.6.2.24}{\376\377\0004\000.\0006\000.\0002\000.\0002\0004\000\040\000S\000e\000t\000S\000t\000r\000i\000n\000g\000\050\000\051}{subsection.4.6.2}% 152
\BOOKMARK [3][-]{subsubsection.4.6.2.25}{\376\377\0004\000.\0006\000.\0002\000.\0002\0005\000\040\000S\000o\000r\000t\000B\000e\000o\000l\000v\000a\000s\000\050\000\051}{subsection.4.6.2}% 153
\BOOKMARK [3][-]{subsubsection.4.6.2.26}{\376\377\0004\000.\0006\000.\0002\000.\0002\0006\000\040\000S\000o\000r\000t\000B\000e\000o\000l\000v\000a\000s\000S\000t\000d\000\050\000\051}{subsection.4.6.2}% 154
\BOOKMARK [3][-]{subsubsection.4.6.2.27}{\376\377\0004\000.\0006\000.\0002\000.\0002\0007\000\040\000S\000p\000l\000i\000t\000\050\000\051}{subsection.4.6.2}% 155
\BOOKMARK [3][-]{subsubsection.4.6.2.28}{\376\377\0004\000.\0006\000.\0002\000.\0002\0008\000\040\000S\000p\000l\000i\000t\000I\000n\000t\000\050\000\051}{subsection.4.6.2}% 156
\BOOKMARK [1][-]{section.4.7}{\376\377\0004\000.\0007\000\040\000e\000s\000s\000e\000n\000t\000i\000a\000l\000s\000.\000h\000\040\000f\000\341\000j\000l\000r\000e\000f\000e\000r\000e\000n\000c\000i\000a}{chapter.4}% 157
\BOOKMARK [2][-]{subsection.4.7.1}{\376\377\0004\000.\0007\000.\0001\000\040\000T\000\355\000p\000u\000s\000d\000e\000f\000i\000n\000\355\000c\000i\000\363\000k\000\040\000d\000o\000k\000u\000m\000e\000n\000t\000\341\000c\000i\000\363\000j\000a}{section.4.7}% 158
\BOOKMARK [3][-]{subsubsection.4.7.1.1}{\376\377\0004\000.\0007\000.\0001\000.\0001\000\040\000L\000i\000s\000t}{subsection.4.7.1}% 159
\BOOKMARK [3][-]{subsubsection.4.7.1.2}{\376\377\0004\000.\0007\000.\0001\000.\0002\000\040\000N\000o\000d\000e}{subsection.4.7.1}% 160
\BOOKMARK [3][-]{subsubsection.4.7.1.3}{\376\377\0004\000.\0007\000.\0001\000.\0003\000\040\000S\000t\000r\000i\000n\000g\000L\000i\000s\000t}{subsection.4.7.1}% 161
\BOOKMARK [3][-]{subsubsection.4.7.1.4}{\376\377\0004\000.\0007\000.\0001\000.\0004\000\040\000S\000t\000r\000i\000n\000g\000N\000o\000d\000e}{subsection.4.7.1}% 162
\BOOKMARK [2][-]{subsection.4.7.2}{\376\377\0004\000.\0007\000.\0002\000\040\000F\000\374\000g\000g\000v\000\351\000n\000y\000e\000k\000\040\000d\000o\000k\000u\000m\000e\000n\000t\000\341\000c\000i\000\363\000j\000a}{section.4.7}% 163
\BOOKMARK [3][-]{subsubsection.4.7.2.1}{\376\377\0004\000.\0007\000.\0002\000.\0001\000\040\000A\000d\000d\000\050\000\051}{subsection.4.7.2}% 164
\BOOKMARK [3][-]{subsubsection.4.7.2.2}{\376\377\0004\000.\0007\000.\0002\000.\0002\000\040\000A\000d\000d\000S\000t\000r\000i\000n\000g\000\050\000\051}{subsection.4.7.2}% 165
\BOOKMARK [3][-]{subsubsection.4.7.2.3}{\376\377\0004\000.\0007\000.\0002\000.\0003\000\040\000A\000d\000d\000S\000t\000r\000i\000n\000g\000P\000o\000i\000n\000t\000e\000r\000\050\000\051}{subsection.4.7.2}% 166
\BOOKMARK [3][-]{subsubsection.4.7.2.4}{\376\377\0004\000.\0007\000.\0002\000.\0004\000\040\000A\000l\000l\000o\000c\000\050\000\051}{subsection.4.7.2}% 167
\BOOKMARK [3][-]{subsubsection.4.7.2.5}{\376\377\0004\000.\0007\000.\0002\000.\0005\000\040\000A\000t\000\050\000\051}{subsection.4.7.2}% 168
\BOOKMARK [3][-]{subsubsection.4.7.2.6}{\376\377\0004\000.\0007\000.\0002\000.\0006\000\040\000A\000t\000S\000t\000r\000i\000n\000g\000\050\000\051}{subsection.4.7.2}% 169
\BOOKMARK [3][-]{subsubsection.4.7.2.7}{\376\377\0004\000.\0007\000.\0002\000.\0007\000\040\000C\000o\000n\000t\000a\000i\000n\000s\000\050\000\051}{subsection.4.7.2}% 170
\BOOKMARK [3][-]{subsubsection.4.7.2.8}{\376\377\0004\000.\0007\000.\0002\000.\0008\000\040\000C\000o\000n\000t\000a\000i\000n\000s\000S\000t\000r\000i\000n\000g\000\050\000\051}{subsection.4.7.2}% 171
\BOOKMARK [3][-]{subsubsection.4.7.2.9}{\376\377\0004\000.\0007\000.\0002\000.\0009\000\040\000C\000o\000n\000v\000e\000r\000t\000T\000o\000I\000n\000t\000\050\000\051}{subsection.4.7.2}% 172
\BOOKMARK [3][-]{subsubsection.4.7.2.10}{\376\377\0004\000.\0007\000.\0002\000.\0001\0000\000\040\000C\000p\000y\000S\000t\000r\000P\000t\000r\000\050\000\051}{subsection.4.7.2}% 173
\BOOKMARK [3][-]{subsubsection.4.7.2.11}{\376\377\0004\000.\0007\000.\0002\000.\0001\0001\000\040\000C\000r\000e\000a\000t\000e\000L\000i\000s\000t\000\050\000\051}{subsection.4.7.2}% 174
\BOOKMARK [3][-]{subsubsection.4.7.2.12}{\376\377\0004\000.\0007\000.\0002\000.\0001\0002\000\040\000C\000r\000e\000a\000t\000e\000S\000t\000r\000i\000n\000g\000L\000i\000s\000t\000\050\000\051}{subsection.4.7.2}% 175
\BOOKMARK [3][-]{subsubsection.4.7.2.13}{\376\377\0004\000.\0007\000.\0002\000.\0001\0003\000\040\000D\000e\000s\000t\000r\000o\000y\000L\000i\000s\000t\000\050\000\051}{subsection.4.7.2}% 176
\BOOKMARK [3][-]{subsubsection.4.7.2.14}{\376\377\0004\000.\0007\000.\0002\000.\0001\0004\000\040\000D\000e\000s\000t\000r\000o\000y\000S\000t\000r\000i\000n\000g\000L\000i\000s\000t\000\050\000\051}{subsection.4.7.2}% 177
\BOOKMARK [3][-]{subsubsection.4.7.2.15}{\376\377\0004\000.\0007\000.\0002\000.\0001\0005\000\040\000F\000i\000n\000d\000\050\000\051}{subsection.4.7.2}% 178
\BOOKMARK [3][-]{subsubsection.4.7.2.16}{\376\377\0004\000.\0007\000.\0002\000.\0001\0006\000\040\000F\000i\000n\000d\000S\000t\000r\000i\000n\000g\000\050\000\051}{subsection.4.7.2}% 179
\BOOKMARK [3][-]{subsubsection.4.7.2.17}{\376\377\0004\000.\0007\000.\0002\000.\0001\0007\000\040\000M\000e\000r\000g\000e\000\050\000\051}{subsection.4.7.2}% 180
\BOOKMARK [3][-]{subsubsection.4.7.2.18}{\376\377\0004\000.\0007\000.\0002\000.\0001\0008\000\040\000R\000e\000m\000o\000v\000e\000A\000t\000\050\000\051}{subsection.4.7.2}% 181
\BOOKMARK [3][-]{subsubsection.4.7.2.19}{\376\377\0004\000.\0007\000.\0002\000.\0001\0009\000\040\000R\000e\000m\000o\000v\000e\000A\000t\000I\000n\000t\000\050\000\051}{subsection.4.7.2}% 182
\BOOKMARK [3][-]{subsubsection.4.7.2.20}{\376\377\0004\000.\0007\000.\0002\000.\0002\0000\000\040\000R\000e\000m\000o\000v\000e\000F\000i\000r\000s\000t\000\050\000\051}{subsection.4.7.2}% 183
\BOOKMARK [3][-]{subsubsection.4.7.2.21}{\376\377\0004\000.\0007\000.\0002\000.\0002\0001\000\040\000R\000e\000m\000o\000v\000e\000F\000i\000r\000s\000t\000S\000t\000r\000i\000n\000g\000\050\000\051}{subsection.4.7.2}% 184
\BOOKMARK [3][-]{subsubsection.4.7.2.22}{\376\377\0004\000.\0007\000.\0002\000.\0002\0002\000\040\000S\000e\000t\000\050\000\051}{subsection.4.7.2}% 185
\BOOKMARK [3][-]{subsubsection.4.7.2.23}{\376\377\0004\000.\0007\000.\0002\000.\0002\0003\000\040\000S\000e\000t\000S\000t\000r\000i\000n\000g\000\050\000\051}{subsection.4.7.2}% 186
\BOOKMARK [3][-]{subsubsection.4.7.2.24}{\376\377\0004\000.\0007\000.\0002\000.\0002\0004\000\040\000S\000o\000r\000t\000B\000e\000o\000l\000v\000a\000s\000\050\000\051}{subsection.4.7.2}% 187
\BOOKMARK [3][-]{subsubsection.4.7.2.25}{\376\377\0004\000.\0007\000.\0002\000.\0002\0005\000\040\000S\000o\000r\000t\000B\000e\000o\000l\000v\000a\000s\000S\000t\000d\000\050\000\051}{subsection.4.7.2}% 188
\BOOKMARK [3][-]{subsubsection.4.7.2.26}{\376\377\0004\000.\0007\000.\0002\000.\0002\0006\000\040\000S\000p\000l\000i\000t\000\050\000\051}{subsection.4.7.2}% 189
\BOOKMARK [3][-]{subsubsection.4.7.2.27}{\376\377\0004\000.\0007\000.\0002\000.\0002\0007\000\040\000S\000p\000l\000i\000t\000I\000n\000t\000\050\000\051}{subsection.4.7.2}% 190
\BOOKMARK [1][-]{section.4.8}{\376\377\0004\000.\0008\000\040\000e\000s\000s\000e\000n\000t\000i\000a\000l\000s\000.\000h}{chapter.4}% 191
\BOOKMARK [1][-]{section.4.9}{\376\377\0004\000.\0009\000\040\000g\000a\000m\000e\000S\000p\000a\000c\000e\000.\000c\000\040\000f\000\341\000j\000l\000r\000e\000f\000e\000r\000e\000n\000c\000i\000a}{chapter.4}% 192
\BOOKMARK [2][-]{subsection.4.9.1}{\376\377\0004\000.\0009\000.\0001\000\040\000R\000\351\000s\000z\000l\000e\000t\000e\000s\000\040\000l\000e\000\355\000r\000\341\000s}{section.4.9}% 193
\BOOKMARK [2][-]{subsection.4.9.2}{\376\377\0004\000.\0009\000.\0002\000\040\000F\000\374\000g\000g\000v\000\351\000n\000y\000e\000k\000\040\000d\000o\000k\000u\000m\000e\000n\000t\000\341\000c\000i\000\363\000j\000a}{section.4.9}% 194
\BOOKMARK [3][-]{subsubsection.4.9.2.1}{\376\377\0004\000.\0009\000.\0002\000.\0001\000\040\000C\000h\000a\000n\000g\000e\000S\000t\000a\000t\000e\000s\000\050\000\051}{subsection.4.9.2}% 195
\BOOKMARK [1][-]{section.4.10}{\376\377\0004\000.\0001\0000\000\040\000g\000a\000m\000e\000S\000p\000a\000c\000e\000.\000h\000\040\000f\000\341\000j\000l\000r\000e\000f\000e\000r\000e\000n\000c\000i\000a}{chapter.4}% 196
\BOOKMARK [2][-]{subsection.4.10.1}{\376\377\0004\000.\0001\0000\000.\0001\000\040\000T\000\355\000p\000u\000s\000d\000e\000f\000i\000n\000\355\000c\000i\000\363\000k\000\040\000d\000o\000k\000u\000m\000e\000n\000t\000\341\000c\000i\000\363\000j\000a}{section.4.10}% 197
\BOOKMARK [3][-]{subsubsection.4.10.1.1}{\376\377\0004\000.\0001\0000\000.\0001\000.\0001\000\040\000O\000b\000j\000e\000c\000t}{subsection.4.10.1}% 198
\BOOKMARK [3][-]{subsubsection.4.10.1.2}{\376\377\0004\000.\0001\0000\000.\0001\000.\0002\000\040\000R\000o\000o\000m}{subsection.4.10.1}% 199
\BOOKMARK [3][-]{subsubsection.4.10.1.3}{\376\377\0004\000.\0001\0000\000.\0001\000.\0003\000\040\000S\000t\000a\000t\000e}{subsection.4.10.1}% 200
\BOOKMARK [2][-]{subsection.4.10.2}{\376\377\0004\000.\0001\0000\000.\0002\000\040\000F\000\374\000g\000g\000v\000\351\000n\000y\000e\000k\000\040\000d\000o\000k\000u\000m\000e\000n\000t\000\341\000c\000i\000\363\000j\000a}{section.4.10}% 201
\BOOKMARK [3][-]{subsubsection.4.10.2.1}{\376\377\0004\000.\0001\0000\000.\0002\000.\0001\000\040\000C\000h\000a\000n\000g\000e\000S\000t\000a\000t\000e\000s\000\050\000\051}{subsection.4.10.2}% 202
\BOOKMARK [1][-]{section.4.11}{\376\377\0004\000.\0001\0001\000\040\000g\000a\000m\000e\000S\000p\000a\000c\000e\000.\000h}{chapter.4}% 203
\BOOKMARK [1][-]{section.4.12}{\376\377\0004\000.\0001\0002\000\040\000g\000r\000a\000p\000h\000i\000c\000s\000.\000c\000\040\000f\000\341\000j\000l\000r\000e\000f\000e\000r\000e\000n\000c\000i\000a}{chapter.4}% 204
\BOOKMARK [2][-]{subsection.4.12.1}{\376\377\0004\000.\0001\0002\000.\0001\000\040\000R\000\351\000s\000z\000l\000e\000t\000e\000s\000\040\000l\000e\000\355\000r\000\341\000s}{section.4.12}% 205
\BOOKMARK [2][-]{subsection.4.12.2}{\376\377\0004\000.\0001\0002\000.\0002\000\040\000T\000\355\000p\000u\000s\000d\000e\000f\000i\000n\000\355\000c\000i\000\363\000k\000\040\000d\000o\000k\000u\000m\000e\000n\000t\000\341\000c\000i\000\363\000j\000a}{section.4.12}% 206
\BOOKMARK [3][-]{subsubsection.4.12.2.1}{\376\377\0004\000.\0001\0002\000.\0002\000.\0001\000\040\000M\000e\000n\000u\000I\000t\000e\000m}{subsection.4.12.2}% 207
\BOOKMARK [2][-]{subsection.4.12.3}{\376\377\0004\000.\0001\0002\000.\0003\000\040\000F\000\374\000g\000g\000v\000\351\000n\000y\000e\000k\000\040\000d\000o\000k\000u\000m\000e\000n\000t\000\341\000c\000i\000\363\000j\000a}{section.4.12}% 208
\BOOKMARK [3][-]{subsubsection.4.12.3.1}{\376\377\0004\000.\0001\0002\000.\0003\000.\0001\000\040\000D\000r\000a\000w\000G\000a\000m\000e\000S\000p\000a\000c\000e\000\050\000\051}{subsection.4.12.3}% 209
\BOOKMARK [3][-]{subsubsection.4.12.3.2}{\376\377\0004\000.\0001\0002\000.\0003\000.\0002\000\040\000D\000r\000a\000w\000M\000e\000n\000u\000\050\000\051}{subsection.4.12.3}% 210
\BOOKMARK [3][-]{subsubsection.4.12.3.3}{\376\377\0004\000.\0001\0002\000.\0003\000.\0003\000\040\000D\000r\000a\000w\000M\000e\000n\000u\000I\000t\000e\000m\000\050\000\051}{subsection.4.12.3}% 211
\BOOKMARK [3][-]{subsubsection.4.12.3.4}{\376\377\0004\000.\0001\0002\000.\0003\000.\0004\000\040\000H\000o\000w\000T\000o\000P\000l\000a\000y\000\050\000\051}{subsection.4.12.3}% 212
\BOOKMARK [3][-]{subsubsection.4.12.3.5}{\376\377\0004\000.\0001\0002\000.\0003\000.\0005\000\040\000L\000o\000a\000d\000G\000a\000m\000e\000\050\000\051}{subsection.4.12.3}% 213
\BOOKMARK [3][-]{subsubsection.4.12.3.6}{\376\377\0004\000.\0001\0002\000.\0003\000.\0006\000\040\000M\000e\000n\000u\000M\000o\000d\000e\000\050\000\051}{subsection.4.12.3}% 214
\BOOKMARK [3][-]{subsubsection.4.12.3.7}{\376\377\0004\000.\0001\0002\000.\0003\000.\0007\000\040\000N\000e\000w\000G\000a\000m\000e\000\050\000\051}{subsection.4.12.3}% 215
\BOOKMARK [3][-]{subsubsection.4.12.3.8}{\376\377\0004\000.\0001\0002\000.\0003\000.\0008\000\040\000P\000l\000a\000y\000G\000a\000m\000e\000\050\000\051}{subsection.4.12.3}% 216
\BOOKMARK [2][-]{subsection.4.12.4}{\376\377\0004\000.\0001\0002\000.\0004\000\040\000V\000\341\000l\000t\000o\000z\000\363\000k\000\040\000d\000o\000k\000u\000m\000e\000n\000t\000\341\000c\000i\000\363\000j\000a}{section.4.12}% 217
\BOOKMARK [3][-]{subsubsection.4.12.4.1}{\376\377\0004\000.\0001\0002\000.\0004\000.\0001\000\040\000c\000u\000r\000r\000e\000n\000t\000R\000o\000o\000m\000I\000d}{subsection.4.12.4}% 218
\BOOKMARK [3][-]{subsubsection.4.12.4.2}{\376\377\0004\000.\0001\0002\000.\0004\000.\0002\000\040\000c\000u\000r\000r\000e\000n\000t\000R\000o\000o\000m\000S\000t\000a\000t\000e}{subsection.4.12.4}% 219
\BOOKMARK [3][-]{subsubsection.4.12.4.3}{\376\377\0004\000.\0001\0002\000.\0004\000.\0003\000\040\000H\000E\000I\000G\000H\000T}{subsection.4.12.4}% 220
\BOOKMARK [3][-]{subsubsection.4.12.4.4}{\376\377\0004\000.\0001\0002\000.\0004\000.\0004\000\040\000i\000t\000e\000m\000s}{subsection.4.12.4}% 221
\BOOKMARK [3][-]{subsubsection.4.12.4.5}{\376\377\0004\000.\0001\0002\000.\0004\000.\0005\000\040\000o\000b\000j\000e\000c\000t\000C\000o\000u\000n\000t}{subsection.4.12.4}% 222
\BOOKMARK [3][-]{subsubsection.4.12.4.6}{\376\377\0004\000.\0001\0002\000.\0004\000.\0006\000\040\000o\000b\000j\000e\000c\000t\000s}{subsection.4.12.4}% 223
\BOOKMARK [3][-]{subsubsection.4.12.4.7}{\376\377\0004\000.\0001\0002\000.\0004\000.\0007\000\040\000p\000r\000e\000v\000i\000o\000u\000s\000R\000o\000o\000m\000I\000d}{subsection.4.12.4}% 224
\BOOKMARK [3][-]{subsubsection.4.12.4.8}{\376\377\0004\000.\0001\0002\000.\0004\000.\0008\000\040\000p\000r\000e\000v\000i\000o\000u\000s\000R\000o\000o\000m\000S\000t\000a\000t\000e}{subsection.4.12.4}% 225
\BOOKMARK [3][-]{subsubsection.4.12.4.9}{\376\377\0004\000.\0001\0002\000.\0004\000.\0009\000\040\000r\000o\000o\000m\000C\000o\000u\000n\000t}{subsection.4.12.4}% 226
\BOOKMARK [3][-]{subsubsection.4.12.4.10}{\376\377\0004\000.\0001\0002\000.\0004\000.\0001\0000\000\040\000r\000o\000o\000m\000s}{subsection.4.12.4}% 227
\BOOKMARK [3][-]{subsubsection.4.12.4.11}{\376\377\0004\000.\0001\0002\000.\0004\000.\0001\0001\000\040\000s\000t\000a\000t\000e\000C\000o\000u\000n\000t}{subsection.4.12.4}% 228
\BOOKMARK [3][-]{subsubsection.4.12.4.12}{\376\377\0004\000.\0001\0002\000.\0004\000.\0001\0002\000\040\000s\000t\000a\000t\000e\000s}{subsection.4.12.4}% 229
\BOOKMARK [3][-]{subsubsection.4.12.4.13}{\376\377\0004\000.\0001\0002\000.\0004\000.\0001\0003\000\040\000W\000I\000D\000T\000H}{subsection.4.12.4}% 230
\BOOKMARK [1][-]{section.4.13}{\376\377\0004\000.\0001\0003\000\040\000g\000r\000a\000p\000h\000i\000c\000s\000.\000h\000\040\000f\000\341\000j\000l\000r\000e\000f\000e\000r\000e\000n\000c\000i\000a}{chapter.4}% 231
\BOOKMARK [2][-]{subsection.4.13.1}{\376\377\0004\000.\0001\0003\000.\0001\000\040\000F\000\374\000g\000g\000v\000\351\000n\000y\000e\000k\000\040\000d\000o\000k\000u\000m\000e\000n\000t\000\341\000c\000i\000\363\000j\000a}{section.4.13}% 232
\BOOKMARK [3][-]{subsubsection.4.13.1.1}{\376\377\0004\000.\0001\0003\000.\0001\000.\0001\000\040\000M\000e\000n\000u\000M\000o\000d\000e\000\050\000\051}{subsection.4.13.1}% 233
\BOOKMARK [1][-]{section.4.14}{\376\377\0004\000.\0001\0004\000\040\000g\000r\000a\000p\000h\000i\000c\000s\000.\000h}{chapter.4}% 234
\BOOKMARK [1][-]{section.4.15}{\376\377\0004\000.\0001\0005\000\040\000i\000n\000t\000e\000r\000p\000r\000e\000t\000e\000r\000.\000c\000\040\000f\000\341\000j\000l\000r\000e\000f\000e\000r\000e\000n\000c\000i\000a}{chapter.4}% 235
\BOOKMARK [2][-]{subsection.4.15.1}{\376\377\0004\000.\0001\0005\000.\0001\000\040\000R\000\351\000s\000z\000l\000e\000t\000e\000s\000\040\000l\000e\000\355\000r\000\341\000s}{section.4.15}% 236
\BOOKMARK [2][-]{subsection.4.15.2}{\376\377\0004\000.\0001\0005\000.\0002\000\040\000F\000\374\000g\000g\000v\000\351\000n\000y\000e\000k\000\040\000d\000o\000k\000u\000m\000e\000n\000t\000\341\000c\000i\000\363\000j\000a}{section.4.15}% 237
\BOOKMARK [3][-]{subsubsection.4.15.2.1}{\376\377\0004\000.\0001\0005\000.\0002\000.\0001\000\040\000E\000x\000e\000c\000u\000t\000e\000\050\000\051}{subsection.4.15.2}% 238
\BOOKMARK [3][-]{subsubsection.4.15.2.2}{\376\377\0004\000.\0001\0005\000.\0002\000.\0002\000\040\000H\000a\000s\000E\000v\000e\000n\000t\000\050\000\051}{subsection.4.15.2}% 239
\BOOKMARK [3][-]{subsubsection.4.15.2.3}{\376\377\0004\000.\0001\0005\000.\0002\000.\0003\000\040\000W\000h\000a\000t\000S\000t\000a\000t\000e\000\050\000\051}{subsection.4.15.2}% 240
\BOOKMARK [1][-]{section.4.16}{\376\377\0004\000.\0001\0006\000\040\000i\000n\000t\000e\000r\000p\000r\000e\000t\000e\000r\000.\000h\000\040\000f\000\341\000j\000l\000r\000e\000f\000e\000r\000e\000n\000c\000i\000a}{chapter.4}% 241
\BOOKMARK [2][-]{subsection.4.16.1}{\376\377\0004\000.\0001\0006\000.\0001\000\040\000F\000\374\000g\000g\000v\000\351\000n\000y\000e\000k\000\040\000d\000o\000k\000u\000m\000e\000n\000t\000\341\000c\000i\000\363\000j\000a}{section.4.16}% 242
\BOOKMARK [3][-]{subsubsection.4.16.1.1}{\376\377\0004\000.\0001\0006\000.\0001\000.\0001\000\040\000E\000x\000e\000c\000u\000t\000e\000\050\000\051}{subsection.4.16.1}% 243
\BOOKMARK [3][-]{subsubsection.4.16.1.2}{\376\377\0004\000.\0001\0006\000.\0001\000.\0002\000\040\000W\000h\000a\000t\000S\000t\000a\000t\000e\000\050\000\051}{subsection.4.16.1}% 244
\BOOKMARK [1][-]{section.4.17}{\376\377\0004\000.\0001\0007\000\040\000i\000n\000t\000e\000r\000p\000r\000e\000t\000e\000r\000.\000h}{chapter.4}% 245
\BOOKMARK [1][-]{section.4.18}{\376\377\0004\000.\0001\0008\000\040\000l\000o\000a\000d\000e\000r\000S\000y\000s\000t\000e\000m\000.\000c\000\040\000f\000\341\000j\000l\000r\000e\000f\000e\000r\000e\000n\000c\000i\000a}{chapter.4}% 246
\BOOKMARK [2][-]{subsection.4.18.1}{\376\377\0004\000.\0001\0008\000.\0001\000\040\000R\000\351\000s\000z\000l\000e\000t\000e\000s\000\040\000l\000e\000\355\000r\000\341\000s}{section.4.18}% 247
\BOOKMARK [2][-]{subsection.4.18.2}{\376\377\0004\000.\0001\0008\000.\0002\000\040\000F\000\374\000g\000g\000v\000\351\000n\000y\000e\000k\000\040\000d\000o\000k\000u\000m\000e\000n\000t\000\341\000c\000i\000\363\000j\000a}{section.4.18}% 248
\BOOKMARK [3][-]{subsubsection.4.18.2.1}{\376\377\0004\000.\0001\0008\000.\0002\000.\0001\000\040\000D\000e\000s\000t\000r\000o\000y\000O\000b\000j\000e\000c\000t\000s\000\050\000\051}{subsection.4.18.2}% 249
\BOOKMARK [3][-]{subsubsection.4.18.2.2}{\376\377\0004\000.\0001\0008\000.\0002\000.\0002\000\040\000D\000e\000s\000t\000r\000o\000y\000R\000o\000o\000m\000s\000\050\000\051}{subsection.4.18.2}% 250
\BOOKMARK [3][-]{subsubsection.4.18.2.3}{\376\377\0004\000.\0001\0008\000.\0002\000.\0003\000\040\000L\000o\000a\000d\000S\000t\000r\000y\000\050\000\051}{subsection.4.18.2}% 251
\BOOKMARK [3][-]{subsubsection.4.18.2.4}{\376\377\0004\000.\0001\0008\000.\0002\000.\0004\000\040\000R\000e\000a\000d\000F\000i\000l\000e\000\050\000\051}{subsection.4.18.2}% 252
\BOOKMARK [1][-]{section.4.19}{\376\377\0004\000.\0001\0009\000\040\000l\000o\000a\000d\000e\000r\000S\000y\000s\000t\000e\000m\000.\000h\000\040\000f\000\341\000j\000l\000r\000e\000f\000e\000r\000e\000n\000c\000i\000a}{chapter.4}% 253
\BOOKMARK [2][-]{subsection.4.19.1}{\376\377\0004\000.\0001\0009\000.\0001\000\040\000F\000\374\000g\000g\000v\000\351\000n\000y\000e\000k\000\040\000d\000o\000k\000u\000m\000e\000n\000t\000\341\000c\000i\000\363\000j\000a}{section.4.19}% 254
\BOOKMARK [3][-]{subsubsection.4.19.1.1}{\376\377\0004\000.\0001\0009\000.\0001\000.\0001\000\040\000D\000e\000s\000t\000r\000o\000y\000O\000b\000j\000e\000c\000t\000s\000\050\000\051}{subsection.4.19.1}% 255
\BOOKMARK [3][-]{subsubsection.4.19.1.2}{\376\377\0004\000.\0001\0009\000.\0001\000.\0002\000\040\000D\000e\000s\000t\000r\000o\000y\000R\000o\000o\000m\000s\000\050\000\051}{subsection.4.19.1}% 256
\BOOKMARK [3][-]{subsubsection.4.19.1.3}{\376\377\0004\000.\0001\0009\000.\0001\000.\0003\000\040\000L\000o\000a\000d\000S\000t\000r\000y\000\050\000\051}{subsection.4.19.1}% 257
\BOOKMARK [1][-]{section.4.20}{\376\377\0004\000.\0002\0000\000\040\000l\000o\000a\000d\000e\000r\000S\000y\000s\000t\000e\000m\000.\000h}{chapter.4}% 258
\BOOKMARK [1][-]{section.4.21}{\376\377\0004\000.\0002\0001\000\040\000m\000a\000i\000n\000.\000c\000\040\000f\000\341\000j\000l\000r\000e\000f\000e\000r\000e\000n\000c\000i\000a}{chapter.4}% 259
\BOOKMARK [2][-]{subsection.4.21.1}{\376\377\0004\000.\0002\0001\000.\0001\000\040\000F\000\374\000g\000g\000v\000\351\000n\000y\000e\000k\000\040\000d\000o\000k\000u\000m\000e\000n\000t\000\341\000c\000i\000\363\000j\000a}{section.4.21}% 260
\BOOKMARK [3][-]{subsubsection.4.21.1.1}{\376\377\0004\000.\0002\0001\000.\0001\000.\0001\000\040\000m\000a\000i\000n\000\050\000\051}{subsection.4.21.1}% 261
\BOOKMARK [0][-]{section*.37}{\376\377\000T\000\341\000r\000g\000y\000m\000u\000t\000a\000t\000\363}{}% 262
